<?xml version="1.0" encoding="UTF-8"?>
<!-- Generated by org.testng.reporters.JUnitReportReporter -->
<testsuite hostname="BINTERNS-QA33L" failures="0" tests="22" name="Test.CreateanAccountTest" time="97.155" errors="0" timestamp="2023-05-04T11:07:47 IST" skipped="0">
  <testcase classname="Test.CreateanAccountTest" name="navigate_to_homepage_click_on_createanaccount" time="1.605"/>
  <system-out/>
  <testcase classname="Test.CreateanAccountTest" name="visibility_luma_logo" time="0.073"/>
  <system-out/>
  <testcase classname="Test.CreateanAccountTest" name="visibility_Create_new_customer_account_header" time="0.061"/>
  <system-out/>
  <testcase classname="Test.CreateanAccountTest" name="visibility_personal_information_header" time="0.047"/>
  <system-out/>
  <testcase classname="Test.CreateanAccountTest" name="visibility_sign_in_information_header" time="0.026"/>
  <system-out/>
  <testcase classname="Test.CreateanAccountTest" name="verify_label_firstname_on_Page" time="0.017"/>
  <system-out/>
  <testcase classname="Test.CreateanAccountTest" name="verify_label_lastname_on_Page" time="0.016"/>
  <system-out/>
  <testcase classname="Test.CreateanAccountTest" name="verify_label_SignUpForNewsletter_on_Page" time="0.015"/>
  <system-out/>
  <testcase classname="Test.CreateanAccountTest" name="verify_label_email_on_Page" time="0.018"/>
  <system-out/>
  <testcase classname="Test.CreateanAccountTest" name="verify_label_password_on_Page" time="0.022"/>
  <system-out/>
  <testcase classname="Test.CreateanAccountTest" name="verify_label_confirmpassword_on_Page" time="0.020"/>
  <system-out/>
  <testcase classname="Test.CreateanAccountTest" name="create_an_account_with_valid_credentials" time="5.117"/>
  <system-out/>
  <testcase classname="Test.CreateanAccountTest" name="forgotpassword_redirection" time="2.627"/>
  <system-out/>
  <testcase classname="Test.CreateanAccountTest" name="subscribe_button_functionality" time="4.888"/>
  <system-out/>
  <testcase classname="Test.CreateanAccountTest" name="create_an_account_with_empty_firstname" time="9.160"/>
  <system-out/>
  <testcase classname="Test.CreateanAccountTest" name="create_an_account_with_empty_lastname" time="9.048"/>
  <system-out/>
  <testcase classname="Test.CreateanAccountTest" name="create_an_account_with_unchecked_Signupfornewsletter_checkbox" time="11.234"/>
  <system-out/>
  <testcase classname="Test.CreateanAccountTest" name="create_an_account_with_empty_email" time="10.082"/>
  <system-out/>
  <testcase classname="Test.CreateanAccountTest" name="create_an_account_with_empty_password" time="15.780"/>
  <system-out/>
  <testcase classname="Test.CreateanAccountTest" name="create_an_account_with_empty_confirmpassword" time="8.953"/>
  <system-out/>
  <testcase classname="Test.CreateanAccountTest" name="create_an_account_with_invalid_email" time="9.018"/>
  <system-out/>
  <testcase classname="Test.CreateanAccountTest" name="create_an_account_with_invalid_password" time="9.328"/>
  <system-out/>
</testsuite> <!-- Test.CreateanAccountTest -->
